<?xml version="1.0" encoding="UTF-8"?>
<testng-results skipped="0" failed="0" ignored="0" total="1" passed="1">
  <reporter-output>
  </reporter-output>
  <suite name="Default suite" duration-ms="57924" started-at="2017-05-06T18:05:49Z" finished-at="2017-05-06T18:06:47Z">
    <groups>
    </groups>
    <test name="Default test" duration-ms="57924" started-at="2017-05-06T18:05:49Z" finished-at="2017-05-06T18:06:47Z">
      <class name="com.test.automation.uiAutomation.homepage.TC003_VerifyLoginWithDifferentRecords">
        <test-method status="PASS" signature="setUp()[pri:0, instance:com.test.automation.uiAutomation.homepage.TC003_VerifyLoginWithDifferentRecords@14bf9759]" name="setUp" is-config="true" duration-ms="48737" started-at="2017-05-06T23:35:49Z" finished-at="2017-05-06T23:36:38Z">
          <reporter-output>
          </reporter-output>
        </test-method> <!-- setUp -->
        <test-method status="PASS" signature="verifyLoginWithDifferentRecords()[pri:0, instance:com.test.automation.uiAutomation.homepage.TC003_VerifyLoginWithDifferentRecords@14bf9759]" name="verifyLoginWithDifferentRecords" duration-ms="9029" started-at="2017-05-06T23:36:38Z" finished-at="2017-05-06T23:36:47Z">
          <reporter-output>
          </reporter-output>
        </test-method> <!-- verifyLoginWithDifferentRecords -->
        <test-method status="PASS" signature="endTest()[pri:0, instance:com.test.automation.uiAutomation.homepage.TC003_VerifyLoginWithDifferentRecords@14bf9759]" name="endTest" is-config="true" duration-ms="138" started-at="2017-05-06T23:36:47Z" finished-at="2017-05-06T23:36:47Z">
          <reporter-output>
          </reporter-output>
        </test-method> <!-- endTest -->
      </class> <!-- com.test.automation.uiAutomation.homepage.TC003_VerifyLoginWithDifferentRecords -->
    </test> <!-- Default test -->
  </suite> <!-- Default suite -->
</testng-results>
